# This is the bad region file.
#
# There are two ways to specify pixel coordinates
# of a bad image reginon:
#
# 1) as X Y coordinates of the lower left and upper 
# right corners of a rectangle, like this 
# X_ll Y_ll  X_ur Y_ur
0 0  0 0
#
# 2) as a single bad pixel specified with 
# its X Y coordinates:
0 0
# You may specify many bad regions.
#8500 0 9576 6388
#7500 0 9576 2000
7500 0 9576 6388
#
1123 1551
1638 2825
1832 2840
1906 4571
2013 4694
2398 4242
2680 2808
2903 3967
3015 4071
3280 5429
3305 0914
3323 3745
3348 5644
3587 4006
3809 1331
3877 1149
3960 3265
4625 4622
5095 5555
5318 1195
5388 1131
5420 5221
6043 3542
6121 5583
6680 3661
6762 3400
6876 5528
7472 1290
