# This is NMW bad region file.
# There are two ways to specify a bad reginon:
# 1) as coordinates of the lower left and upper 
# right corners of a rectangle, like this 
0 0 0 0
# 2) as a bad spot (3-pixel box around this 
# spot will be excluded, like this
0 0
#
0014 1933
0037 0052
0042 0647
0051 2146
0059 0671
0059 1001
0071 1242
0108 0430
0125 0512
0129 0956
0137 2360
0153 1770
0189 1454
0191 2369
0197 0091
0197 0412
0237 2407
0243 0290
0256 2422
0263 1150
0265 0036
0270 1973
0278 2009
0279 0237
0284 0529
0299 0217
0300 1477
0304 2297
0313 1958
0315 1421
0316 2418
0326 2317
0341 0173
0341 0204
0358 2440
0362 0446
0372 0660
0376 0111
0376 1023
0379 0352
0381 1400
0399 1063
0403 2340
0406 0327
0422 0759
0453 2118
0453 2278
0460 1782
0463 1765
0464 2487
0476 1232
0496 1858
0506 2095
0511 0552
0545 1055
0545 2334
0554 0507
0557 0148
0569 0654
0569 1037
0586 1664
0590 0574
0596 0187
0614 0702
0618 1681
0621 1036
0665 0042
0680 2396
0683 2080
0706 0361
0733 1015
0739 0383
0767 1921
0778 0153
0782 1150
0810 0342
0819 2078
0839 2465
0852 0374
0866 0252
0866 1857
0893 1615
0896 1352
0907 1272
0908 2132
0912 2223
0926 1280
0926 2306
0931 0265
0968 1941
0970 1417
0981 1447
0992 0098
0993 0736
0995 2368
0998 1772
1017 2138
1029 0249
1034 1921
1050 1552
1061 1581
1065 1524
1068 1764
1073 0601
1084 0128
1091 1743
1094 0116
1098 0166
1105 0333
1114 0860
1119 1579
1120 0643
1134 1608
1141 1563
1142 1994
1143 2282
1147 1220
1153 0445
1158 1418
1160 0301
1177 0823
1177 1489
1185 2361
1201 0959
1206 0896
1216 0809
1227 1940
1235 2293
1236 0573
1264 2498
1267 1004
1271 0156
1276 0292
1278 1515
1284 0531
1287 1651
1289 1511
1289 2489
1292 2134
1317 0077
1317 0774
1322 1729
1328 2152
1350 1569
1361 0552
1382 1078
1389 1252
1419 1966
1424 0360
1437 0668
1442 0385
1494 2001
1449 2335
1453 0436
1453 1631
1477 2182
1494 2001
1497 0756
1506 1591
1513 2148
1525 0460
1541 0190
1541 0358
1545 0514
1560 0780
1574 1130
1584 0623
1588 2335
1600 0774
1610 0061
1617 1325
1625 1379
1646 1014
1655 1222
1660 0199
1672 1582
1683 1117
1693 1402
1706 1534
1708 1360
1731 0654
1737 1790
1749 1498
1762 0432
1781 1380
1792 2004
1805 0673
1806 1556
1818 2070
1835 1442
1846 2394
1855 0878
1875 1371
1876 2481
1882 2133
1882 2164
1884 0926
1889 1755
1893 1589
1914 0658
1918 1735
1927 1370
1490 0737
1942 0726
1942 1857
1943 2077
1944 1404
1949 0725
1954 0023
1987 2163
1988 0453
1992 0438
1992 2491
2003 0016
2003 0817
2010 2222
2051 2457
2064 2274
2081 0386
2094 0765
2106 2028
2110 0061
2128 0229
2166 0378
2169 2354
2211 0953
2211 1652
2228 1600
2236 1628
2264 0383
2267 0114
2269 1012
2270 0854
2282 0018
2286 0617
2298 1573
2307 2262
2316 1418
2330 0747
2346 1550
2347 1639
2348 0546
2353 1656
2371 1580
2377 2452
2379 2035
2381 1403
2384 0291
2385 1127
2389 1572
2402 1984
2406 1630
2407 0401
2413 0905
2416 0477
2422 0221
2423 0532
2428 0040
2434 0078
2437 0894
2447 0203
2453 2119
2471 0296
2480 0271
2481 0801
2494 1397
2508 1110
2511 1019
2513 0676
2521 2399
2527 1526
2532 1416
2537 2232
2540 0345
2545 0799
2549 2286
2550 0688
2554 2431
2556 0057
2571 1758
2577 0584
2594 2153
2601 2068
2629 0122
2631 2324
2632 0909
2636 1698
2669 0908
2672 1692
2673 1892
2695 0526
2709 1323
2710 2129
2727 0790
2730 0188
2732 0828
2736 0071
2758 2398
2762 0041
2763 1002
2769 0066
2779 0221
2782 0477
2799 1687
2812 2471
2816 2502
2855 2429
2864 2496
2871 0034
2922 0532
2930 1323
2931 0298
2932 0857
2937 0979
2948 2028
2949 2123
2960 2261
2964 2215
2972 2102
2973 0249
2990 0703
3003 2168
3020 1394
3041 0550
3050 2461
3053 1926
3053 2034
3066 2030
3068 1642
3081 1535
3092 0029
3103 0474
3123 1028
3124 0952
3136 0293
3146 1569
3163 1161
3166 1895
3171 1635
3174 2422
3181 0438
3182 1307
3190 2246
3198 1458
3208 2245
3245 0404
3245 1883
3252 2489
3275 2216
3279 0358
3279 2443
3281 1159
3283 0110
3293 1961
3294 0188
3297 0202
3300 1199
