 136   591   139   585
 546  2032   548  2672
 959  1900   961  2672
1748   635  1750  2672
1850   609  1852  2672
2361   311  2363  2672
2117  2433  2119  2672
2565   140  2567  2672
3494   732  3496  2672
3596  2639  3598  2672
#
951 15
769 9
3152 8
2855 6
1424 3
734 3
3250 2
3807 13
3851 15
1478 15
2197 18
2690 19
303 20
3546 23
3885 24
2614 26
3907 27
738 27
3583 28
589 31
3086 32
2366 37
2062 38
2033 38
1279 38
1011 38
3983 39
1804 42
980 45
3368 47
229 47
1740 45
3713 50
2304 52
2366 53
1861 53
8 53
3630 54
2450 54
3081 55
2495 58
1179 56
1843 57
1613 58
1235 58
265 59
378 60
3534 62
3237 62
800 62
663 63
2053 65
330 65
1306 68
3443 70
3925 71
3671 73
2468 76
2404 76
988 79
3122 81
1777 81
3007 82
2877 83
2812 83
2494 83
316 83
3522 84
3325 84
2946 84
3347 85
281 89
3212 90
3587 91
569 92
2741 93
51 97
2311 99
597 99
3689 2036
1175 2669
403 2666
1135 2665
3487 2661
1762 2652
1748 2649
1367 2649
3385 2648
2429 2646
488 2646
144 2646
3597 2644
3902 2643
3642 2642
1168 2640
3090 2639
719 2637
1873 2635
3445 2631
471 2623
2743 2621
3636 2620
3768 2615
1840 2614
960 2614
3202 2610
1641 2610
3658 2609
1928 2609
1765 2609
1741 2609
917 2608
1994 2607
314 2606
3210 2605
1553 2593
191 2589
790 2588
529 2588
1690 2587
3939 2582
1356 2582
2696 2581
37 2581
1634 2580
1141 2580
3337 2576
3806 2575
1137 2573
1085 2570
219 2570
2178 2567
2613 2563
19 2563
2897 2562
219 2562
3192 2560
2862 2559
1844 2557
3275 2556
2456 2556
545 2555
3421 2554
831 2554
3758 2550
3202 2550
460 2550
3954 2549
2544 2548
2229 2548
3461 2547
335 2546
2232 2541
2466 2539
551 2538
3133 2537
2401 2537
354 2537
3250 2535
530 2535
1294 2530
650 2529
330 2526
1432 2523
282 2521
3744 2520
1642 2520
1167 2520
2469 2518
3312 2517
1858 2516
3159 2513
2105 2512
2018 2512
1873 2511
1375 2510
2875 2503
2386 2501
884 2497
2734 2496
1750 2496
934 2496
86 2495
3689 2490
607 2489
134 2489
3658 2488
1196 2487
1704 2484
2088 2481
3329 2480
1035 2479
734 2479
1850 2478
1998 2474
1889 2472
3641 2470
1137 2469
3421 2468
2293 2467
1860 2467
98 2467
2725 2465
1902 2465
1351 2464
1336 2462
3534 2460
3545 2457
3612 2456
2988 2455
1453 2455
2585 2454
92 2453
3734 2450
3643 2446
3016 2446
1603 2444
1567 2444
1923 2439
2150 2438
1409 2438
2703 2438
3318 2436
2118 2436
3637 2434
508 2434
2959 2433
1789 2432
3534 2427
1258 2425
1906 2424
1701 2424
3762 2423
586 2423
446 2421
352 2420
2802 2417
1961 2417
2450 2416
72 2415
3192 2414
2580 2413
1898 2413
3996 2409
1657 2409
3747 2406
1904 2402
1725 2401
217 2397
3943 2394
3112 2394
1774 2392
358 2392
1025 2391
2621 2390
1558 2390
68 2389
2158 2388
43 2386
3408 2382
3842 2381
2158 2379
1248 2379
2987 2377
208 2376
939 2374
3800 2372
1465 2372
2753 2370
1589 2370
228 2369
1534 2368
1516 2365
1040 2364
472 2363
457 2361
1507 2359
557 2359
2061 2356
2314 2353
3811 2349
3704 2348
2892 2348
1723 2347
2776 2346
1349 2346
961 2344
1320 2342
368 2339
1124 2338
3280 2336
913 2335
3278 2333
507 2333
2112 2331
158 2329
1882 2326
2123 2325
3553 2324
3573 2322
2098 2321
2073 2319
1393 2318
3479 2317
2498 2316
1116 2309
1881 2308
1456 2307
890 2304
2600 2303
2781 2300
734 2298
811 2297
2503 2296
1876 2296
124 2295
2847 2294
1493 2294
441 2293
2234 2291
2664 2290
721 2290
483 2288
3792 2279
3706 2279
1097 2279
3495 2276
2465 2276
438 2275
2324 2274
3346 2268
2229 2267
1522 2266
3686 2265
619 2264
580 2264
3401 2263
1505 2262
3949 2258
3623 2258
1495 2257
565 2257
3583 2256
2290 2256
3949 2253
889 2252
2630 2251
2496 2244
104 2244
49 2244
3128 2241
2749 2240
1968 2237
252 2237
263 2233
1904 2231
2995 2229
3288 2228
2477 2228
3407 2227
1863 2226
2920 2225
2025 2225
3232 2219
3304 2217
248 2211
3673 2210
3653 2210
499 2209
3315 2208
2147 2208
23 2204
95 2203
1094 2202
3833 2201
1358 2201
765 2201
2743 2200
1201 2199
233 2196
1355 2195
3863 2191
581 2190
311 2189
806 2187
2344 2186
2878 2184
2363 2184
2041 2184
2601 2183
2425 2182
1573 2181
2956 2179
3709 2177
15 2177
2879 2175
2390 2175
1893 2174
1084 2174
784 2172
3695 2171
441 2170
2066 2169
3032 2168
2048 2168
1892 2168
3405 2164
3894 2162
1698 2158
1023 2157
1936 2155
1253 2152
2485 2149
2611 2147
2189 2146
1661 2146
3167 2145
3043 2145
2004 2145
1990 2145
1488 2145
960 2144
844 2144
497 2144
1584 2142
3532 2141
1225 2138
2641 2137
933 2135
1202 1991
697 1988
735 1986
2412 1985
1783 1985
2912 1982
3790 1980
1946 1979
3762 1978
257 1977
2139 1975
2202 1973
3001 1970
2709 1970
1936 1970
3407 1965
3110 1964
2697 1964
4007 1963
3353 1963
594 1962
320 1962
2645 1961
634 1953
2141 1950
557 1947
358 1947
1268 1946
2596 1942
2686 1941
2466 1941
820 1936
2042 1935
3692 1934
2739 1933
290 1933
1378 1931
3397 1930
2561 1927
3714 1925
2975 1925
539 1924
355 1923
982 1920
3935 1919
2872 1918
3741 1917
1176 1917
3453 1916
3513 1913
2334 1912
1856 1909
1648 1909
350 1909
1264 1908
316 1907
72 1907
2485 1905
3933 1904
3308 1903
3855 1901
1800 1901
1763 1901
852 1900
2866 1898
2349 1898
1455 1898
1362 1897
3603 1892
2451 1892
1172 1889
325 1887
493 1886
3443 1884
2647 1883
33 1883
2201 1880
1779 1880
1412 1880
1690 1878
2796 1876
1867 1876
2049 1875
612 1875
698 1867
3452 1863
2424 1860
1395 1860
959 1858
2750 1853
2675 1852
3355 1851
1178 1851
1028 1849
1088 1845
3428 1843
3553 1841
398 1841
3366 1840
1217 1838
2063 1837
3798 1835
695 1835
3503 1833
260 1833
836 1831
3245 1829
2017 1829
815 1826
2575 1823
1020 1822
1519 1821
1931 1820
1903 1818
2454 1816
509 1814
3417 1812
2408 1812
1873 1812
15 1809
2410 1808
3530 1807
1888 1807
1460 1807
143 1804
2834 1803
3707 1799
3008 1797
745 1795
2529 1795
2210 1794
2608 1793
2564 1792
1447 1792
2634 1791
2104 1790
943 1787
2550 1782
2056 1782
1117 1780
1085 1780
3077 1778
3320 1776
820 1776
586 1773
3810 1772
3541 1771
2957 1771
3027 1769
3449 1768
2243 1765
1655 1763
3263 1762
1102 1761
2160 1760
338 1760
2684 1756
1132 1755
1027 1753
1335 1751
570 1749
359 1749
2819 1747
2482 1745
358 1745
2130 1744
3255 1740
387 1739
3248 1737
1418 1736
2809 1734
3605 1730
3638 1726
1714 1726
2156 1725
3957 1723
3539 1722
799 1722
1 1722
3625 1717
2197 1717
3972 1714
383 1713
1295 1712
3485 1709
1616 1700
842 1698
750 1698
3531 1697
645 1696
3634 1694
3546 1693
119 1693
3298 1691
3317 1690
1756 1689
984 1689
2482 1687
2367 1686
1426 1685
3770 1684
270 1684
3469 1681
1776 1681
2602 1680
137 1679
2993 1678
2802 1674
3347 1673
3559 1672
1928 1671
3613 1669
2917 1667
835 1667
435 1667
2507 1666
3988 1664
742 1664
3915 1663
3667 1661
3405 1660
2959 1659
1701 1659
154 1658
1436 1657
425 1657
720 1656
2186 1650
1713 1650
1011 1644
3503 1639
646 1636
782 1635
2542 1633
1675 1632
1634 1629
373 1627
1583 1625
2824 1623
2110 1623
2185 1622
549 1621
5 1621
2260 1619
920 1619
1299 1618
3295 1615
1060 1615
4 1615
3159 1614
3834 1611
3590 1611
1017 1611
2684 1610
1230 1609
46 1607
1248 1607
2530 1603
1179 1603
2524 1602
1664 1602
661 1602
1764 1600
791 1600
3609 1599
2658 1599
1471 1598
3697 1598
1899 1595
3570 1594
3434 1593
807 1593
2910 1591
3981 1590
3189 1589
1021 1584
383 1584
332 1584
2812 1580
691 1575
490 1574
23 1574
277 1572
2631 1571
2675 1566
1190 1564
821 1557
108 1557
3350 1554
315 1553
3500 1550
2580 1550
3044 1549
9 1549
1221 1547
540 1547
2872 1545
1542 1544
3503 1543
3955 1540
688 1541
3096 1538
1797 1538
1031 1537
3118 1535
2485 1535
2237 1535
2279 1531
2189 1531
2232 1529
978 1527
2266 1524
3645 1523
3300 1522
3190 1522
3048 1522
1538 1519
1400 1519
2850 1518
1098 1518
749 1518
1696 1517
1828 1516
1566 1515
1147 1514
386 1514
358 1514
486 1511
234 1511
3775 1510
1809 1509
1995 1506
2336 1505
1820 1500
3261 1498
1589 1497
3305 1496
2696 1496
2757 1493
1642 1493
4000 1492
2229 1493
1160 1490
2991 1489
866 1488
40 1486
195 1481
1208 1478
3352 1476
1071 1476
2063 1473
3073 1471
3467 1470
1437 1469
2352 1467
103 1467
2506 1466
666 1466
94 1465
534 1464
1019 1463
2287 1460
1274 1460
2432 1457
2169 1456
613 1456
3366 1452
3010 1452
1782 1451
1161 1450
2764 1445
920 1444
115 1444
3921 1443
2058 1436
3833 1435
316 1435
1682 1434
3887 1432
2403 1427
2825 1425
1240 1425
1987 1423
1022 1423
3057 1422
1852 1422
1544 1421
1237 1421
361 1421
2908 1418
982 1418
2736 1413
2282 1413
1 1410
374 1409
793 1406
3873 1404
106 1403
381 1402
2130 1401
1677 1395
1262 1395
2913 1394
3221 1393
1485 1390
2846 1388
2473 1388
2036 1388
1713 1386
421 1386
459 1384
2388 1382
28 1382
1758 1379
2538 1378
2130 1377
290 1377
3271 1372
657 1372
3434 1370
1662 1369
1630 1369
623 1369
889 1365
3553 1364
794 1364
3462 1362
2970 1361
484 1359
2005 1358
3949 1357
1835 1353
2195 1351
458 1350
2945 1345
2458 1342
2329 1336
480 1336
3657 1335
101 1335
390 1333
3625 1333
3953 1330
3536 1330
3062 1330
2165 1329
2566 1327
1959 1326
658 1326
3979 1325
493 1322
2613 1321
44 1320
2465 1318
1892 1318
2845 1314
3025 1313
510 1312
3009 1309
3445 1308
2744 1308
1512 1305
3177 1304
2762 1301
572 1300
149 1298
2963 1296
118 1295
1471 1293
2521 1290
3531 1289
704 1288
2645 1287
665 1287
23 1287
1707 1286
3380 1285
406 1284
2955 1283
2655 1282
818 1279
1647 1276
1596 1275
1933 1274
645 1274
156 1274
2845 1272
2576 1272
491 1271
2182 1268
2883 1266
3176 1265
1768 1265
393 1264
2049 1263
3859 1262
2848 1261
2772 1259
2195 1257
2969 1254
2405 1253
1954 1253
2737 1252
2019 1252
522 1251
3360 1249
1862 1249
3466 1248
1134 1247
680 1244
3799 1242
2998 1241
1566 1240
970 1240
2564 1239
2279 1239
2826 1237
1704 1236
1297 1236
254 1235
2025 1231
957 1229
2415 1228
2632 1227
3160 1226
1435 1221
1128 1221
911 1221
1362 1220
834 1216
1915 1213
965 1213
466 1211
2284 1208
1227 1208
3962 1207
3890 1207
3385 1207
2809 1207
1788 1206
2898 1204
1614 1202
3742 1200
3061 1200
1410 1200
2600 1197
296 1197
3412 1195
1352 1195
1130 1189
3317 1188
2803 1187
3565 1185
1523 1185
2258 1184
1946 1184
1193 1184
2714 1180
1281 1179
1138 1179
686 1178
3342 1176
2385 1176
1063 1176
2758 1174
1019 1172
3111 1171
1201 1167
1816 1165
607 1165
1770 1162
3251 1159
566 1159
2765 1157
2672 1157
1338 1152
2244 1149
870 1148
193 1147
3967 1146
2598 1145
1711 1145
2737 1144
3362 1143
779 1139
2976 1138
550 1138
3706 1136
1779 1132
345 1132
2414 1132
2767 1129
181 1127
2314 1125
3113 1124
3535 1121
2522 1121
3216 1120
2357 1116
2799 1115
966 1112
957 1111
3724 1110
884 1108
3866 1104
2876 1104
2803 1104
2735 1104
1305 1103
2128 1102
2108 1102
1908 1101
3990 1100
917 1095
3602 1094
1029 1094
3990 1087
3745 1084
1902 1084
2850 1083
2806 1083
280 1083
3861 1082
1852 1080
2523 1077
2133 1077
1731 1077
2546 1076
2025 1076
2988 1075
2706 1074
3382 1073
3805 1071
3137 1071
2474 1069
74 1067
3425 1066
1505 1065
1143 1064
3939 1058
1139 1058
864 1058
3287 1057
1070 1055
798 1055
2831 1055
860 1054
586 1054
3427 1049
3601 1048
2566 1048
228 1047
290 1044
2345 1042
1940 1042
1759 1041
372 1037
3195 1037
2359 1036
795 1033
3192 1032
3159 1027
750 1027
3494 1026
2832 1026
2031 1025
2628 1023
1881 1023
919 1020
305 1012
3816 1010
1622 1010
1289 1010
2328 1007
1167 1007
3296 1006
2895 1006
170 1006
2132 1005
2097 1005
3553 1004
2562 999
2092 999
3537 998
232 998
3095 994
3220 991
2456 988
1098 987
2307 985
2940 983
2066 981
249 981
3499 980
2542 980
2234 979
1560 977
1724 976
3986 974
3607 974
2235 974
398 968
3540 967
1878 967
959 967
3346 966
1225 966
973 963
707 963
1306 962
1839 960
1823 959
2896 955
1118 954
3716 953
3430 953
2293 953
1588 952
654 952
2675 951
1452 950
3133 946
2912 946
2328 943
149 942
3401 939
1912 939
3133 937
1312 937
2856 936
3814 935
2008 933
671 932
393 932
270 932
2804 931
1386 929
901 929
3305 928
1431 926
3770 925
671 925
490 923
92 922
2291 920
3128 918
3684 917
3116 917
1002 918
1104 913
3980 912
431 912
2620 910
2294 909
1377 909
32 907
1707 906
336 905
216 905
3172 903
3253 898
3163 894
269 893
3900 891
3133 889
2183 887
236 886
3929 884
909 881
3881 878
2686 878
1172 875
71 875
2349 874
1332 874
2202 873
3361 869
3055 868
701 867
598 867
2755 866
3024 864
231 863
1868 862
2910 860
1061 859
186 859
1889 857
2006 856
3748 855
1864 853
2187 852
1703 851
1360 850
1285 850
204 850
403 847
2991 846
2534 846
1003 840
446 838
3372 837
2943 836
941 834
4003 833
3019 833
135 833
3507 829
1621 829
285 829
3890 828
3256 828
1050 828
363 826
1895 824
2894 822
3242 821
2788 821
1781 821
769 820
1087 818
3916 817
2813 817
2718 815
1068 815
1704 809
1804 809
3201 807
1766 804
3441 802
3257 802
2862 802
2940 801
4007 800
3126 800
138 799
3793 796
1434 796
3364 792
3765 790
2302 789
355 788
196 783
3695 780
574 780
3501 779
2925 779
2667 779
375 779
2241 777
1695 775
3686 773
403 773
103 773
3235 771
1027 770
1750 764
2878 757
1188 757
437 757
2052 755
3779 754
3202 753
1213 753
1714 751
1681 751
1139 751
3094 749
2403 749
934 749
2715 747
3762 746
3359 745
236 743
3035 741
3112 739
3495 737
2186 734
1634 734
1621 734
3580 731
3000 731
3713 729
3835 726
3283 725
2308 725
595 724
1906 723
3167 720
800 719
1775 718
195 717
3616 713
2362 712
2125 711
3729 710
1604 710
791 710
142 710
2984 709
2851 709
3987 708
3396 707
2395 705
3474 704
3963 703
1836 703
276 703
3646 702
2378 702
2696 700
1496 698
3026 697
1592 697
3893 692
1138 692
2142 691
3867 690
3967 689
2222 688
1623 688
763 687
2690 686
468 686
3552 685
2547 685
933 685
1022 684
3141 682
2872 680
426 681
3074 679
452 678
3672 676
2823 671
1701 670
1593 670
2413 669
3850 667
454 667
1438 666
2054 665
1926 664
1929 662
240 662
3796 660
1550 657
3046 656
1365 655
3015 652
2508 652
2930 650
2105 650
3614 649
3055 649
973 649
1546 648
2700 647
549 647
3393 646
454 644
364 645
2068 641
1263 639
174 639
2827 637
3066 636
249 636
166 636
1245 635
4005 633
3044 633
3408 631
1039 629
831 629
2459 627
1585 626
693 626
2256 624
3711 621
1329 621
3990 619
3597 618
881 615
3142 614
1819 614
170 614
3341 612
2687 609
776 609
163 608
2842 605
3948 602
2582 602
2619 599
527 598
3593 597
1826 597
414 595
2924 594
283 594
1404 593
1165 591
3772 590
3958 590
3009 588
2599 588
1953 588
3292 587
3717 586
3936 584
1105 584
21 582
3902 581
3756 581
2507 581
3707 579
2482 579
1996 578
3296 576
2129 576
2501 575
1096 575
1456 574
3554 573
3250 573
985 572
1589 571
3180 570
2650 568
1792 568
1649 568
2068 567
2064 567
726 566
3492 566
2302 565
2646 563
3636 562
41 562
2568 561
2606 560
3827 559
3374 559
3918 558
1602 555
103 555
2765 554
2710 554
3380 549
3220 548
954 547
2947 545
3445 543
737 543
86 541
862 537
147 537
3532 536
2870 536
654 536
3719 535
693 535
3876 534
389 534
3775 530
1900 528
1633 527
6 527
3985 526
1446 526
1431 524
3445 523
1007 523
3581 522
2963 520
1751 520
2200 519
469 519
1879 519
1070 517
6 516
2410 515
3284 514
2025 514
140 514
1769 513
1694 510
3232 509
2822 507
2274 506
2286 505
2508 504
3678 501
308 501
262 501
1472 500
2779 499
2606 498
3804 495
1626 493
1434 493
1278 493
2308 490
2821 488
2193 488
2019 488
3871 487
1745 484
1554 484
116 481
2118 480
319 479
3237 478
1055 478
3587 477
3685 475
3627 475
3178 475
1703 475
3101 469
392 469
1272 466
3871 465
2954 461
266 459
2888 458
2386 458
503 458
123 458
3872 457
3746 454
3113 454
1473 454
2872 453
1639 453
1228 453
16 450
3202 449
1821 449
1334 447
155 447
400 438
3934 436
3864 435
1778 434
3219 433
2688 432
1323 432
3452 429
2167 429
1095 429
830 428
2137 427
2099 427
440 426
2400 424
54 423
532 422
2480 417
1462 412
1290 409
2371 407
1095 407
3842 406
859 406
2355 404
209 403
378 402
363 402
1911 400
517 400
961 399
3764 398
1869 398
2077 395
2525 394
1261 392
2039 391
2806 390
1265 386
1874 385
1764 385
1744 385
61 379
2465 378
3787 377
2049 377
1139 377
3034 371
1556 370
3438 368
3684 367
2437 365
3563 360
2972 358
1830 358
1857 357
3989 356
1746 356
1268 355
3121 354
3843 353
3555 353
3957 352
3004 350
1951 349
3610 348
3360 347
3227 346
127 346
1672 344
1605 342
1456 338
3189 334
3160 332
2138 332
2526 331
3922 330
2021 330
2554 329
1762 329
229 329
1513 327
2486 325
623 325
3365 322
2006 322
1840 320
2593 318
2708 317
501 317
2362 316
1027 315
3040 314
3109 313
2874 313
651 313
2558 311
2548 311
3426 309
353 306
2678 305
1587 303
3129 301
2100 301
1257 298
181 295
3502 293
2590 290
2196 290
2685 289
2265 288
3358 286
1481 286
1278 286
1874 285
690 286
2652 284
3373 281
262 279
1782 277
3242 276
3228 276
1285 276
1221 275
128 275
1262 274
1305 272
2110 271
557 270
109 270
3599 267
825 267
2909 264
1014 264
3880 263
3655 264
1222 262
130 259
2994 257
1613 257
64 252
3569 243
2483 243
2912 241
2957 240
1470 238
1230 238
703 237
3968 235
2458 235
1979 235
1025 235
1931 234
780 234
3078 233
1120 233
2140 232
2884 231
1340 230
3173 229
691 228
3473 226
3000 224
3417 223
3538 221
617 221
3916 220
2087 220
581 220
1474 218
569 218
214 218
2507 217
1122 217
1988 216
1176 216
3773 214
2958 214
2122 213
493 213
435 213
2477 212
2819 211
2182 211
3632 210
2774 210
2201 207
698 206
2683 205
1759 205
3044 203
965 203
2158 202
3860 201
2924 200
2339 200
3108 199
2086 197
2626 195
2193 195
969 196
756 194
2432 190
1963 189
2662 188
3364 187
386 186
496 185
306 185
2326 184
2364 183
3678 181
2889 181
339 181
931 180
985 176
1361 174
646 173
238 172
3001 171
3845 170
3386 170
2755 170
1431 170
2900 169
2771 168
1254 168
2382 167
2066 167
2104 166
2719 165
3780 164
1277 164
998 164
468 164
2633 163
2364 163
1443 162
146 162
477 160
3189 159
3022 158
1975 158
1364 157
2956 157
2887 156
2387 155
2143 154
3593 147
2994 146
2099 146
3731 144
2458 143
1131 143
3000 142
3264 139
326 138
3364 137
3573 135
334 135
1504 134
3078 133
1930 132
2816 131
247 128
2999 125
2868 122
2546 124
1178 124
2341 123
3258 121
1831 119
3922 116
2736 115
702 114
466 114
697 113
309 112
2627 111
1199 109
3209 108
2981 107
2277 106
507 105
3085 101
200 101
2032 2132
21 2119
1924 2130
383 2119
3081 2119
168 2123
1730 2123
1235 2120
1760 1992
2747 1996
3985 1995
3874 1994
2467 2116
3961 1999
2111 1998
3293 1997
1884 2115
701 2110
2654 2000
1336 2111
1425 2108
678 2005
864 2005
2846 2005
3628 2103
3639 2100
3971 2097
3843 2007
934 2008
1527 2014
3873 2013
3733 2012
1713 2016
1190 2025
2649 2019
3995 2091
1798 2091
3465 2022
1300 2023
2556 2088
1586 2032
1963 2025
3711 2081
3628 2082
208 2081
410 2082
1036 2082
1084 2067
2586 2063
172 2078
470 2062
2092 2072
3697 2072
1474 2070
1578 2069
3785 2067
3046 2067
2013 2070
91 2065
3653 2063
911 2033
1276 2059
1222 2034
1399 2059
367 2049
188 2053
1437 2053
3875 2052
470 2049
2620 2048
2959 2035
3514 2043
1279 2046
3028 2042
3579 2041
2767 2041
1957 2038
547 2037
3564 1951
